nohup: 忽略输入
FATAL Port 4000 has been used. Try other port instead.
FATAL Something's wrong. Maybe you can find the solution here: http://hexo.io/docs/troubleshooting.html
Error: listen EADDRINUSE :::4000
    at Server.setupListenHandle [as _listen2] (net.js:1286:14)
    at listenInCluster (net.js:1334:12)
    at Server.listen (net.js:1421:7)
    at /home/xjsun/blog/node_modules/hexo-server/lib/server.js:82:12
    at Promise._execute (/home/xjsun/blog/node_modules/bluebird/js/release/debuggability.js:313:9)
    at Promise._resolveFromExecutor (/home/xjsun/blog/node_modules/bluebird/js/release/promise.js:483:18)
    at new Promise (/home/xjsun/blog/node_modules/bluebird/js/release/promise.js:79:10)
    at checkPort (/home/xjsun/blog/node_modules/hexo-server/lib/server.js:68:10)
    at Hexo.module.exports (/home/xjsun/blog/node_modules/hexo-server/lib/server.js:19:10)
    at Hexo.tryCatcher (/home/xjsun/blog/node_modules/bluebird/js/release/util.js:16:23)
    at Hexo.<anonymous> (/home/xjsun/blog/node_modules/bluebird/js/release/method.js:15:34)
    at Promise (/home/xjsun/blog/node_modules/hexo/lib/hexo/index.js:185:9)
    at Promise._execute (/home/xjsun/blog/node_modules/bluebird/js/release/debuggability.js:313:9)
    at Promise._resolveFromExecutor (/home/xjsun/blog/node_modules/bluebird/js/release/promise.js:483:18)
    at new Promise (/home/xjsun/blog/node_modules/bluebird/js/release/promise.js:79:10)
    at Hexo.call (/home/xjsun/blog/node_modules/hexo/lib/hexo/index.js:181:10)
    at /opt/node-v10.13.0-linux-x64/lib/node_modules/hexo/node_modules/hexo-cli/lib/hexo.js:68:17
    at tryCatcher (/opt/node-v10.13.0-linux-x64/lib/node_modules/hexo/node_modules/bluebird/js/release/util.js:16:23)
    at Promise._settlePromiseFromHandler (/opt/node-v10.13.0-linux-x64/lib/node_modules/hexo/node_modules/bluebird/js/release/promise.js:512:31)
    at Promise._settlePromise (/opt/node-v10.13.0-linux-x64/lib/node_modules/hexo/node_modules/bluebird/js/release/promise.js:569:18)
    at Promise._settlePromise0 (/opt/node-v10.13.0-linux-x64/lib/node_modules/hexo/node_modules/bluebird/js/release/promise.js:614:10)
    at Promise._settlePromises (/opt/node-v10.13.0-linux-x64/lib/node_modules/hexo/node_modules/bluebird/js/release/promise.js:694:18)
